2023-11-01T06:23:23.751Z [32minfo[39m: IP:::1, URL:/3890950f-5c5a-487b-957e-77340c79931
2023-11-01T06:23:53.593Z [32minfo[39m: get indo=IP:::1, URL:/
2023-11-01T06:27:30.022Z [32minfo[39m: IP post :::1 URL:/
2023-11-01T06:27:43.466Z [32minfo[39m: IP:::1, URL:/5b0e4715-5bf2-4dfa-9b2e-44f584d1b849
2023-11-01T06:43:20.374Z [32minfo[39m: get indo=IP:::1, URL:/
2023-11-01T06:43:56.448Z [32minfo[39m: IP post :::1 URL:/
2023-11-01T06:44:14.951Z [32minfo[39m: IP:::1, URL:/8a19f68a-718f-42d3-b744-8171727efb8b
2023-11-01T07:05:49.175Z [32minfo[39m: IP  :::1 URL:/
2023-11-01T07:06:03.236Z [32minfo[39m: IP  :::1 URL:/
2023-11-01T07:07:51.575Z [32minfo[39m: IP  :::1 URL:/
2023-11-01T07:12:37.227Z [32minfo[39m: get indo=IP:::1, URL:/
2023-11-01T07:12:45.000Z [32minfo[39m: IP  :::1 URL:/
2023-11-01T07:14:00.892Z [32minfo[39m: IP  :::1 URL:/
2023-11-01T07:15:08.097Z [32minfo[39m: IP  :::1 URL:/
2023-11-01T07:15:31.295Z [32minfo[39m: IP  :::1 URL:/
2023-11-01T07:18:06.882Z [32minfo[39m: get indo=IP:::1, URL:/
2023-11-01T07:18:11.288Z [32minfo[39m: IP  :::1 URL:/
2023-11-01T07:19:28.089Z [32minfo[39m: IP  :::1 URL:/
2023-11-01T07:23:43.395Z [32minfo[39m: get indo=IP:::1, URL:/
2023-11-01T07:23:52.770Z [32minfo[39m: IP  :::1 URL:/
2023-11-01T07:24:03.912Z [32minfo[39m: IP:::1, URL:/Mathi_23
2023-11-01T07:24:37.263Z [32minfo[39m: IP  :::1 URL:/
2023-11-01T07:24:48.391Z [32minfo[39m: get indo=IP:::1, URL:/
2023-11-01T08:45:42.497Z [32minfo[39m: get indo=IP:::1, URL:/
2023-11-01T08:45:48.138Z [32minfo[39m: IP  :::1 URL:/
2023-11-01T08:45:55.716Z [32minfo[39m: IP  :::1 URL:/
2023-11-01T08:46:03.868Z [32minfo[39m: IP  :::1 URL:/
2023-11-01T08:46:12.403Z [32minfo[39m: IP  :::1 URL:/
2023-11-01T08:46:16.423Z [32minfo[39m: get indo=IP:::1, URL:/
2023-11-01T08:46:36.053Z [32minfo[39m: IP:::1, URL:/Mamathi_23
2023-11-01T08:46:52.203Z [32minfo[39m: IP:::1 URL:/
2023-11-01T08:48:27.882Z [32minfo[39m: IP  :::1 URL:/
2023-11-01T08:48:35.951Z [32minfo[39m: IP  :::1 URL:/
2023-11-01T08:48:47.860Z [32minfo[39m: IP  :::1 URL:/
2023-11-01T08:48:56.220Z [32minfo[39m: get indo=IP:::1, URL:/
2023-11-01T08:49:16.158Z [32minfo[39m: IP:::1, URL:/Ranjith_23
2023-11-01T08:49:33.329Z [32minfo[39m: IP:::1 URL:/
2023-11-01T08:49:53.386Z [32minfo[39m: IP:::1, URL:/Ranjith_23
2023-11-01T08:50:01.885Z [32minfo[39m: IP:::1, URL:/Ranjith_23
2023-11-01T08:50:09.466Z [32minfo[39m: get indo=IP:::1, URL:/
2023-11-01T08:50:13.342Z [32minfo[39m: IP  :::1 URL:/
2023-11-01T08:50:21.704Z [32minfo[39m: IP  :::1 URL:/
2023-11-01T08:50:27.907Z [32minfo[39m: IP  :::1 URL:/
2023-11-01T08:50:35.010Z [32minfo[39m: IP  :::1 URL:/
2023-11-01T08:50:41.036Z [32minfo[39m: IP  :::1 URL:/
2023-11-01T08:50:45.173Z [32minfo[39m: get indo=IP:::1, URL:/
2023-11-01T08:51:31.922Z [32minfo[39m: get indo=IP:::1, URL:/
2023-11-01T08:51:41.649Z [32minfo[39m: IP  :::1 URL:/
2023-11-01T08:51:46.266Z [32minfo[39m: IP  :::1 URL:/
2023-11-01T08:51:54.203Z [32minfo[39m: IP:::1, URL:/Krithika23
2023-11-01T08:51:57.945Z [32minfo[39m: IP:::1 URL:/
2023-11-01T08:52:37.557Z [32minfo[39m: IP  :::1 URL:/
2023-11-01T08:52:45.407Z [32minfo[39m: IP  :::1 URL:/
2023-11-01T08:52:48.844Z [32minfo[39m: get indo=IP:::1, URL:/
2023-11-01T08:52:54.791Z [32minfo[39m: IP:::1 URL:/
2023-11-01T08:53:27.351Z [32minfo[39m: IP  :::1 URL:/
2023-11-01T08:53:33.856Z [32minfo[39m: IP  :::1 URL:/
2023-11-01T08:53:41.871Z [32minfo[39m: IP  :::1 URL:/
2023-11-01T08:53:47.448Z [32minfo[39m: IP  :::1 URL:/
2023-11-01T08:53:51.549Z [32minfo[39m: get indo=IP:::1, URL:/
2023-11-01T08:54:03.007Z [32minfo[39m: IP:::1, URL:/Mathi_23
2023-11-01T08:54:48.949Z [32minfo[39m: IP:::1 URL:/
2023-11-01T08:55:24.042Z [32minfo[39m: IP  :::1 URL:/
2023-11-01T08:55:24.818Z [32minfo[39m: IP  :::1 URL:/
2023-11-01T08:55:25.379Z [32minfo[39m: IP  :::1 URL:/
2023-11-01T08:55:31.955Z [32minfo[39m: get indo=IP:::1, URL:/
2023-11-01T08:55:38.502Z [32minfo[39m: IP:::1, URL:/Rani_23
2023-11-01T08:55:46.134Z [32minfo[39m: IP:::1 URL:/
2023-11-01T08:56:42.916Z [32minfo[39m: IP  :::1 URL:/
2023-11-01T08:56:43.718Z [32minfo[39m: IP  :::1 URL:/
2023-11-01T08:56:44.378Z [32minfo[39m: IP  :::1 URL:/
2023-11-01T08:56:52.567Z [32minfo[39m: IP:::1 URL:/
2023-11-01T08:56:57.119Z [32minfo[39m: IP:::1, URL:/Rani_23
2023-11-01T08:57:06.433Z [32minfo[39m: IP:::1, URL:/Rani_23
2023-11-01T08:57:11.411Z [32minfo[39m: IP:::1 URL:/
2023-11-01T08:58:24.193Z [32minfo[39m: IP  :::1 URL:/
2023-11-01T08:58:58.118Z [32minfo[39m: IP  :::1 URL:/
2023-11-01T08:59:07.670Z [32minfo[39m: IP:::1 URL:/
2023-11-01T08:59:44.003Z [32minfo[39m: IP  :::1 URL:/
2023-11-01T08:59:59.807Z [32minfo[39m: IP:::1 URL:/
2023-11-01T09:01:32.434Z [32minfo[39m: IP  :::1 URL:/
2023-11-01T09:01:54.788Z [32minfo[39m: IP:::1 URL:/Rani_23
2023-11-01T09:04:52.877Z [32minfo[39m: IP  :::1 URL:/
2023-11-01T09:05:20.479Z [32minfo[39m: IP:::1 URL:/Rani_23
2023-11-01T10:08:53.782Z [32minfo[39m: IP:::1, URL:/
2023-11-01T10:09:11.457Z [32minfo[39m: IP:::1, URL:/
2023-11-01T10:18:18.915Z [32minfo[39m: IP:::1, URL:/
2023-11-01T10:31:46.485Z [32minfo[39m: IP:::1, URL:/
2023-11-01T10:32:05.157Z [32minfo[39m: IP:::1, URL:/
2023-11-01T10:33:16.418Z [32minfo[39m: IP:::1, URL:/Rani
2023-11-01T10:34:31.411Z [32minfo[39m: IP:::1, URL:/Rani
2023-11-01T10:34:49.478Z [32minfo[39m: IP:::1, URL:/
2023-11-01T10:35:04.062Z [32minfo[39m: IP:::1, URL:/
2023-11-01T10:35:41.603Z [32minfo[39m: IP:::1, URL:/
2023-11-01T10:35:59.732Z [32minfo[39m: IP:::1, URL:/
2023-11-01T10:37:11.504Z [32minfo[39m: IP:::1, URL:/
2023-11-01T10:38:38.213Z [32minfo[39m: IP:::1, URL:/
2023-11-01T10:38:56.867Z [32minfo[39m: IP:::1, URL:/Rani%20ar_23
2023-11-01T10:39:53.668Z [32minfo[39m: IP:::1, URL:/Rani%20ar_23
2023-11-01T10:40:07.918Z [32minfo[39m: IP:::1, URL:/
2023-11-01T10:40:58.410Z [32minfo[39m: IP:::1, URL:/
2023-11-01T10:40:59.999Z [32minfo[39m: IP:::1, URL:/
2023-11-01T10:41:00.752Z [32minfo[39m: IP:::1, URL:/
2023-11-01T10:41:04.047Z [32minfo[39m: IP:::1, URL:/
2023-11-01T10:41:45.500Z [32minfo[39m: IP:::1, URL:/
2023-11-01T10:41:54.033Z [32minfo[39m: IP:::1, URL:/Rani%20ar_23
2023-11-01T10:42:01.416Z [32minfo[39m: IP:::1, URL:/
2023-11-01T10:43:12.662Z [32minfo[39m: IP:::1, URL:/
2023-11-01T10:45:13.828Z [32minfo[39m: IP:::1, URL:/
2023-11-01T10:45:20.007Z [32minfo[39m: IP:::1, URL:/
2023-11-01T11:30:18.230Z [32minfo[39m: IP:::1, URL:/
2023-11-01T11:34:23.151Z [32minfo[39m: IP:::1, URL:/
2023-11-01T11:34:26.959Z [32minfo[39m: IP:::1, URL:/
2023-11-01T11:34:38.517Z [32minfo[39m: IP:::1, URL:/Rani%20ar_23
2023-11-01T11:34:55.686Z [32minfo[39m: IP:::1, URL:/Rani%20ar_23
2023-11-01T11:36:59.485Z [32minfo[39m: IP:::1, URL:/Rani%20ar_23
2023-11-01T11:37:08.959Z [32minfo[39m: IP:::1, URL:/Rani%20ar_23
2023-11-01T11:37:16.163Z [32minfo[39m: IP:::1, URL:/
2023-11-01T11:38:18.938Z [32minfo[39m: IP:::1, URL:/
2023-11-01T11:38:24.989Z [32minfo[39m: IP:::1, URL:/Isai
2023-11-01T11:38:32.548Z [32minfo[39m: IP:::1, URL:/
2023-11-01T11:38:41.413Z [32minfo[39m: IP:::1, URL:/Isai_23
2023-11-01T11:38:53.721Z [32minfo[39m: IP:::1, URL:/Isai_23
2023-11-01T11:39:23.406Z [32minfo[39m: IP:::1, URL:/
2023-11-01T11:40:37.246Z [32minfo[39m: IP:::1, URL:/
2023-11-01T11:40:40.958Z [32minfo[39m: IP:::1, URL:/
2023-11-01T11:40:59.387Z [32minfo[39m: IP:::1, URL:/
2023-11-01T11:41:26.859Z [32minfo[39m: IP:::1, URL:/
2023-11-01T11:41:30.157Z [32minfo[39m: IP:::1, URL:/
2023-11-01T11:41:33.931Z [32minfo[39m: IP:::1, URL:/
2023-11-01T11:41:44.921Z [32minfo[39m: IP:::1, URL:/Isaiarasi_23
2023-11-01T14:54:38.272Z [32minfo[39m: IP:::1, URL:/
2023-11-01T14:54:42.803Z [32minfo[39m: IP:::1, URL:/
2023-11-01T14:56:46.413Z [32minfo[39m: IP:::1, URL:/
2023-11-01T14:57:04.697Z [32minfo[39m: IP:::1, URL:/
2023-11-01T14:57:35.217Z [32minfo[39m: IP:::1, URL:/
2023-11-01T14:57:54.448Z [32minfo[39m: IP:::1, URL:/
2023-11-01T14:57:55.820Z [32minfo[39m: IP:::1, URL:/
2023-11-01T14:57:59.131Z [32minfo[39m: IP:::1, URL:/
2023-11-01T14:58:01.309Z [32minfo[39m: IP:::1, URL:/
2023-11-01T15:10:34.981Z [32minfo[39m: IP:::1, URL:/
2023-11-01T15:10:55.706Z [32minfo[39m: IP:::1, URL:/
2023-11-01T15:11:28.480Z [32minfo[39m: IP:::1, URL:/
2023-11-01T15:12:57.678Z [32minfo[39m: IP:::1, URL:/
2023-11-01T15:13:18.007Z [32minfo[39m: IP:::1, URL:/
2023-11-01T15:13:44.327Z [32minfo[39m: IP:::1, URL:/
2023-11-01T15:14:25.596Z [32minfo[39m: IP:::1, URL:/
2023-11-01T15:14:44.449Z [32minfo[39m: IP:::1, URL:/
2023-11-01T15:15:36.526Z [32minfo[39m: IP:::1, URL:/
2023-11-01T15:15:50.281Z [32minfo[39m: IP:::1, URL:/
2023-11-01T15:16:08.866Z [32minfo[39m: IP:::1, URL:/
2023-11-01T15:16:36.415Z [32minfo[39m: IP:::1, URL:/
2023-11-01T15:16:48.399Z [32minfo[39m: IP:::1, URL:/
2023-11-01T15:17:00.334Z [32minfo[39m: IP:::1, URL:/
2023-11-01T15:18:40.211Z [32minfo[39m: IP:::1, URL:/
2023-11-01T15:18:57.443Z [32minfo[39m: INFO IP:::1, URL:/
 INFO IP:::1, URL:/ 2023-11-01T15:20:14.253Z 
 IP:::1, URL:/ 2023-11-01T15:20:37.225Z 
 INFO IP:::1, URL:/ 2023-11-01T15:32:23.450Z 
 INFO IP:::1, URL:/ 2023-11-01T15:32:29.325Z 
 INFO IP:::1, URL:/ 2023-11-01T15:33:43.073Z 
 INFO IP:::1, URL:/ 2023-11-01T15:33:46.993Z 
 INFO IP:::1, URL:/ 2023-11-01T15:35:58.046Z 
 INFO IP:::1, URL:/ 2023-11-01T15:36:02.327Z 
 INFO IP:::1, URL:/ 2023-11-01T15:36:54.769Z 
 INFO IP:::1, URL:/ 2023-11-01T15:36:55.514Z 
 INFO IP:::1, URL:/ 2023-11-01T15:36:56.236Z 
 INFO IP:::1, URL:/ 2023-11-01T15:39:32.630Z 
 INFO IP:::1, URL:/ 2023-11-01T15:39:33.635Z 
 INFO IP:::1, URL:/ 2023-11-01T15:39:34.857Z 
 INFO IP:::1, URL:/ 2023-11-01T15:40:31.168Z 
 INFO IP:::1, URL:/ 2023-11-01T15:40:31.901Z 
 INFO IP:::1, URL:/ 2023-11-01T15:40:32.828Z 
 INFO IP:::1, URL:/ 2023-11-01T15:42:06.104Z 
 INFO IP:::1, URL:/ 2023-11-01T15:42:07.115Z 
 INFO IP:::1, URL:/ 2023-11-01T15:42:47.092Z 
 INFO IP:::1, URL:/ 2023-11-01T15:42:47.828Z 
 INFO IP:::1, URL:/ 2023-11-01T15:43:08.213Z 
 INFO IP:::1, URL:/ 2023-11-01T15:43:38.672Z 
 INFO IP:::1, URL:/ 2023-11-01T15:44:18.501Z 
 INFO IP:::1, URL:/ 2023-11-01T15:44:19.869Z 
 INFO IP:::1, URL:/ 2023-11-01T15:44:40.974Z 
 INFO IP:::1, URL:/ 2023-11-01T15:44:56.158Z 
 INFO IP:::1, URL:/ 2023-11-01T15:45:18.498Z 
 INFO IP:::1, URL:/ 2023-11-01T15:45:19.376Z 
 INFO IP:::1, URL:/ 2023-11-01T15:45:59.862Z 
 INFO IP:::1, URL:/ 2023-11-01T15:46:00.650Z 
 INFO IP:::1, URL:/ 2023-11-01T15:46:04.103Z 
 INFO IP:::1, URL:/ 2023-11-01T15:47:02.603Z 
 INFO IP:::1, URL:/ 2023-11-01T15:47:04.681Z 
 INFO IP:::1, URL:/ 2023-11-01T15:47:07.088Z 
 INFO IP:::1, URL:/ 2023-11-01T15:47:19.381Z 
 INFO IP:::1, URL:/ 2023-11-01T15:47:20.302Z 
 INFO IP:::1, URL:/ 2023-11-01T15:47:22.053Z 
 INFO IP:::1, URL:/ 2023-11-01T15:47:22.832Z 
 INFO IP:::1, URL:/ 2023-11-02T11:04:02.281Z 
 INFO IP:::1, URL:/Mathi 2023-11-02T11:04:30.535Z 
 INFO IP:::1, URL:/ 2023-11-06T09:45:41.781Z 
 INFO IP:::1, URL:/ 2023-11-06T09:47:22.627Z 
 INFO IP:::1, URL:/ 2023-11-06T09:49:02.202Z 
 INFO IP:::1, URL:/ 2023-11-06T09:49:15.995Z 
 INFO IP:::1, URL:/ 2023-11-06T09:49:31.793Z 
 INFO IP:::1, URL:/ 2023-11-06T09:49:49.433Z 
 INFO IP:::1, URL:/ 2023-11-06T09:50:07.617Z 
 INFO IP:::1, URL:/ 2023-11-06T09:53:21.128Z 
 INFO IP:::1, URL:/Mathi_12_dancing 2023-11-06T09:53:59.275Z 
 INFO IP:::1, URL:/Mathi_12_dancin 2023-11-06T09:54:07.294Z 
 IP:::1, URL:/Mathi_12_dancing 2023-11-06T09:55:14.553Z 
 IP:::1, URL:/Mathi_12_dancing 2023-11-06T09:55:36.791Z 
 IP:::1, URL:/Mathi_12_dancing 2023-11-06T09:55:53.208Z 
 INFO IP:::1, URL:/Mathi_12_dancing 2023-11-06T09:56:18.503Z 
 INFO IP:::1, URL:/Mathi_12_dancing 2023-11-06T09:57:23.780Z 
 IP:::1, URL:/Mathi_12_dancing 2023-11-06T09:57:31.903Z 
 INFO IP:::1, URL:/ 2023-11-06T09:58:20.193Z 
 IP:::1, URL:/Mathiarasi%20Nagaraj_12_dancing 2023-11-06T09:58:41.591Z 
 IP:::1, URL:/Mathiarasi%20Nagaraj_12_dancing 2023-11-06T10:00:07.415Z 
 INFO IP:::1, URL:/ 2023-11-06T10:00:16.782Z 
 INFO IP:::1, URL:/ 2023-11-06T10:00:21.881Z 
 IP:::1, URL:/Mathiarasi_12_dancing 2023-11-06T10:00:32.342Z 
 IP:::1, URL:/Mathiarasi_12_dancing 2023-11-06T10:00:36.835Z 
 INFO IP:::1, URL:/ 2023-11-06T10:01:33.015Z 
 IP:::1, URL:/Mathiarasi%20N_12_dancing 2023-11-06T10:01:44.804Z 
 INFO IP:::1, URL:/ 2023-11-06T10:04:40.292Z 
 IP:::1, URL:/Mathiarasi_12_dancing 2023-11-06T10:04:53.248Z 
 INFO IP:::1, URL:/Mathiarasi_12_dancing 2023-11-06T10:05:39.535Z 
 INFO IP:::1, URL:/ 2023-11-06T10:05:46.874Z 
 INFO IP:::1, URL:/Mathiarasi%20N_12_dancing 2023-11-06T10:05:56.702Z 
 IP:::1, URL:/Mathiarasi%20N_12_dancing 2023-11-06T10:06:09.148Z 
 IP:::1, URL:/Mathiarasi%20N_12_dancing 2023-11-06T10:06:46.816Z 
 INFO IP:::1, URL:/ 2023-11-06T10:06:54.248Z 
 INFO IP:::1, URL:/ 2023-11-06T10:06:58.764Z 
 IP:::1, URL:/Mathi%205_12_dancing 2023-11-06T10:07:11.160Z 
 IP:::1, URL:/Mathi%205_12_dancing 2023-11-06T10:07:45.861Z 
 IP:::1, URL:/Mathi%205_12_dancing 2023-11-06T10:08:02.314Z 
 IP:::1, URL:/Mathi%205_12_dancing 2023-11-06T10:08:46.159Z 
 IP:::1, URL:/Mathi%205_12_dancing 2023-11-06T10:09:23.778Z 
 IP:::1, URL:/Mathi%205_12_dancing 2023-11-06T10:09:24.922Z 
 INFO IP:::1, URL:/ 2023-11-06T10:10:33.001Z 
 INFO IP:::1, URL:/ 2023-11-06T10:10:38.435Z 
 INFO IP:::1, URL:/ 2023-11-06T10:10:44.706Z 
 IP:::1, URL:/Mathi_12_crafting 2023-11-06T10:11:07.894Z 
 INFO IP:::1, URL:/ 2023-11-06T10:11:54.068Z 
 INFO IP:::1, URL:/ 2023-11-06T10:12:14.273Z 
 IP:::1, URL:/Mathi_12_Dancing 2023-11-06T10:12:34.004Z 
 INFO IP:::1, URL:/ 2023-11-06T10:15:37.215Z 
 INFO IP:::1, URL:/ 2023-11-06T10:15:48.172Z 
 INFO IP:::1, URL:/ 2023-11-06T10:16:06.009Z 
 INFO IP:::1, URL:/ 2023-11-06T10:16:11.068Z 
 INFO IP:::1, URL:/ 2023-11-06T10:16:39.097Z 
 INFO IP:::1, URL:/Mathi_12_dancing 2023-11-06T10:18:08.142Z 
 INFO IP:::1, URL:/ 2023-11-06T10:18:13.106Z 
 INFO IP:::1, URL:/ 2023-11-06T10:18:32.500Z 
 INFO IP:::1, URL:/ 2023-11-06T11:21:11.164Z 
 INFO IP:::1, URL:/ 2023-11-06T11:21:15.351Z 
 INFO IP:::1, URL:/ 2023-11-06T11:22:24.623Z 
 INFO IP:::1, URL:/ 2023-11-06T11:23:50.506Z 
 INFO IP:::1, URL:/ 2023-11-06T11:24:13.601Z 
 INFO IP:::1, URL:/ 2023-11-06T11:24:24.701Z 
 INFO IP:::1, URL:/ 2023-11-06T11:28:26.693Z 
 INFO IP:::1, URL:/ 2023-11-06T11:31:49.701Z 
 INFO IP:::1, URL:/ 2023-11-06T11:32:32.442Z 
 INFO IP:::1, URL:/ 2023-11-06T11:32:44.865Z 
 INFO IP:::1, URL:/ 2023-11-06T11:37:15.022Z 
 INFO IP:::1, URL:/ 2023-11-06T11:37:20.595Z 
 INFO IP:::1, URL:/ 2023-11-06T11:37:26.026Z 
 INFO IP:::1, URL:/ 2023-11-06T11:37:32.237Z 
 INFO IP:::1, URL:/ 2023-11-06T11:37:46.873Z 
 INFO IP:::1, URL:/ 2023-11-06T11:38:43.058Z 
 INFO IP:::1, URL:/ 2023-11-06T14:14:32.147Z 
 INFO IP:::1, URL:/ 2023-11-06T14:14:41.423Z 
 INFO IP:::1, URL:/8815 2023-11-06T14:14:49.344Z 
 INFO IP:::1, URL:/8815 2023-11-06T14:15:21.340Z 
 INFO IP:::1, URL:/8815 2023-11-06T14:16:46.533Z 
 INFO IP:::1, URL:/ 2023-11-06T14:16:50.515Z 
 INFO IP:::1, URL:/ 2023-11-06T14:16:54.843Z 
 INFO IP:::1, URL:/2148 2023-11-06T14:17:06.476Z 
 INFO IP:::1, URL:/ 2023-11-06T14:17:24.149Z 
 INFO IP:::1, URL:/ 2023-11-06T14:17:53.453Z 
 INFO IP:::1, URL:/ 2023-11-06T14:18:41.792Z 
 INFO IP:::1, URL:/ 2023-11-06T14:19:34.893Z 
 INFO IP:::1, URL:/ 2023-11-06T14:19:40.502Z 
 INFO IP:::1, URL:/ 2023-11-06T14:19:52.303Z 
 INFO IP:::1, URL:/ 2023-11-06T14:20:09.387Z 
 INFO IP:::1, URL:/ 2023-11-06T14:20:13.304Z 
 INFO IP:::1, URL:/ 2023-11-06T14:20:17.397Z 
 INFO IP:::1, URL:/ 2023-11-06T14:20:27.343Z 
 INFO IP:::1, URL:/ 2023-11-06T14:20:35.358Z 
 INFO IP:::1, URL:/ 2023-11-06T14:20:43.683Z 
 INFO IP:::1, URL:/ 2023-11-06T14:20:49.328Z 
 INFO IP:::1, URL:/ 2023-11-06T14:21:15.569Z 
 IP:::1, URL:/4354 2023-11-06T14:21:34.241Z 
 IP:::1, URL:/4354 2023-11-06T14:21:49.498Z 
 IP:::1, URL:/4354 2023-11-06T14:21:59.685Z 
 IP:::1, URL:/4354 2023-11-06T14:39:39.350Z 
 INFO IP:::1, URL:/4354 2023-11-06T14:39:44.574Z 
 INFO IP:::1, URL:/ 2023-11-06T14:39:48.628Z 
 INFO IP:::1, URL:/ 2023-11-06T14:39:52.379Z 
